  0강 선택.cpp
  1-1강 c++기초.cpp
  1-2강 함수 오버로딩.cpp
  1-3강 매개변수 디폴트 값.cpp
  1-4강 인라인 함수.cpp
  1-5강 이름공간과 using.cpp
  1-6강 OOP프로젝트.cpp
  2-2강 Bool자료형.cpp
  2-3강 참조자의 이해.cpp
  2-4강 참조자와 함수.cpp
  2-5강 new 와 delete.cpp
  2-6강 C++에서 C호출하기.cpp
  3-1강 C++에서의 구조체.cpp
  3-2강 클래스와 객체.cpp
  3-3강 객체지향 프로그래밍의 이해.cpp
  4-1강 정보은닉.cpp
  4-2강 갭슐화.cpp
  4-3강 생성자와 소멸자.cpp
  4-4강 클래스와 배열 그리고 this 포인터.cpp
  4-5강 OOP프로젝트 2단계.cpp
  코드를 생성하고 있습니다...
  컴파일하고 있습니다...
  5-1강 복사 생성자.cpp
  5-2강 깊은 복사 생성자와 얖은 복사 생성자.cpp
C:\Users\Sejong\Documents\GitHub\language_basics\C++\C++\5-2강 깊은 복사 생성자와 얖은 복사 생성자.cpp(13,11): warning C4267: '초기화 중': 'size_t'에서 'int'(으)로 변환하면서 데이터가 손실될 수 있습니다.
  5-3강 복사 생성자의 호출시점.cpp
  6-1강 const의 추가설명.cpp
  6-2강 클래스와 함수에 대한 friend 선언.cpp
  6-3강 C++에서의 static.cpp
  7-1강 상속.cpp
  3-7-2강 상속의 문법적인 이해.cpp
  3-7-3강 3가지 형태의 상속.cpp
  3-7-4강 상속의 조건.cpp
  문제 03-2.cpp
  문제 01-1.cpp
  Util.cpp
C:\Users\Sejong\Documents\GitHub\language_basics\C++\C++\Util.cpp(48,12): warning C4267: '=': 'size_t'에서 'int'(으)로 변환하면서 데이터가 손실될 수 있습니다.
  문제 01-2.cpp
  문제 01-3.cpp
  문제 02-1.cpp
  문제 02-3.cpp
  문제 03-1.cpp
  문제 04-1.cpp
  문제 04-2.cpp
  코드를 생성하고 있습니다...
  컴파일하고 있습니다...
  문제 04-3.cpp
  문제 05-1.cpp
  문제 07-1.cpp
  코드를 생성하고 있습니다...
  C++.vcxproj -> C:\Users\Sejong\Documents\GitHub\language_basics\C++\x64\Debug\C++.exe
